This file contains any messages produced by compilers while
running configure, to aid debugging if configure makes a mistake.

It was created by topk configure 0.1, which was
generated by GNU Autoconf 2.63.  Invocation command line was

  $ ./configure --enable-maintainer-mode

## --------- ##
## Platform. ##
## --------- ##

hostname = ONEWay
uname -m = i686
uname -r = 2.6.28-18-server
uname -s = Linux
uname -v = #60-Ubuntu SMP Fri Mar 12 05:41:54 UTC 2010

/usr/bin/uname -p = unknown
/bin/uname -X     = unknown

/bin/arch              = unknown
/usr/bin/arch -k       = unknown
/usr/convex/getsysinfo = unknown
/usr/bin/hostinfo      = unknown
/bin/machine           = unknown
/usr/bin/oslevel       = unknown
/bin/universe          = unknown

PATH: /usr/local/pgsql/bin
PATH: /home/weiwang/cuda/bin
PATH: /usr/local/sbin
PATH: /usr/local/bin
PATH: /usr/sbin
PATH: /usr/bin
PATH: /sbin
PATH: /bin
PATH: /usr/games


## ----------- ##
## Core tests. ##
## ----------- ##

configure:2112: checking for a BSD-compatible install
configure:2180: result: /usr/bin/install -c
configure:2191: checking whether build environment is sane
configure:2234: result: yes
configure:2259: checking for a thread-safe mkdir -p
configure:2298: result: /bin/mkdir -p
configure:2311: checking for gawk
configure:2327: found /usr/bin/gawk
configure:2338: result: gawk
configure:2349: checking whether make sets $(MAKE)
configure:2371: result: yes
configure:2557: checking whether to enable maintainer-specific portions of Makefiles
configure:2566: result: yes
configure:2592: checking for style of include used by make
configure:2620: result: GNU
configure:2690: checking for gcc
configure:2706: found /usr/bin/gcc
configure:2717: result: gcc
configure:2949: checking for C compiler version
configure:2957: gcc --version >&5
gcc (Ubuntu 4.3.3-5ubuntu4) 4.3.3
Copyright (C) 2008 Free Software Foundation, Inc.
This is free software; see the source for copying conditions.  There is NO
warranty; not even for MERCHANTABILITY or FITNESS FOR A PARTICULAR PURPOSE.

configure:2961: $? = 0
configure:2968: gcc -v >&5
Using built-in specs.
Target: i486-linux-gnu
Configured with: ../src/configure -v --with-pkgversion='Ubuntu 4.3.3-5ubuntu4' --with-bugurl=file:///usr/share/doc/gcc-4.3/README.Bugs --enable-languages=c,c++,fortran,objc,obj-c++ --prefix=/usr --enable-shared --with-system-zlib --libexecdir=/usr/lib --without-included-gettext --enable-threads=posix --enable-nls --with-gxx-include-dir=/usr/include/c++/4.3 --program-suffix=-4.3 --enable-clocale=gnu --enable-libstdcxx-debug --enable-objc-gc --enable-mpfr --enable-targets=all --with-tune=generic --enable-checking=release --build=i486-linux-gnu --host=i486-linux-gnu --target=i486-linux-gnu
Thread model: posix
gcc version 4.3.3 (Ubuntu 4.3.3-5ubuntu4) 
configure:2972: $? = 0
configure:2979: gcc -V >&5
gcc: '-V' option must have argument
configure:2983: $? = 1
configure:3006: checking for C compiler default output file name
configure:3028: gcc    conftest.c  >&5
configure:3032: $? = 0
configure:3070: result: a.out
configure:3089: checking whether the C compiler works
configure:3099: ./a.out
configure:3103: $? = 0
configure:3122: result: yes
configure:3129: checking whether we are cross compiling
configure:3131: result: no
configure:3134: checking for suffix of executables
configure:3141: gcc -o conftest    conftest.c  >&5
configure:3145: $? = 0
configure:3171: result: 
configure:3177: checking for suffix of object files
configure:3203: gcc -c   conftest.c >&5
configure:3207: $? = 0
configure:3232: result: o
configure:3236: checking whether we are using the GNU C compiler
configure:3265: gcc -c   conftest.c >&5
configure:3272: $? = 0
configure:3289: result: yes
configure:3298: checking whether gcc accepts -g
configure:3328: gcc -c -g  conftest.c >&5
configure:3335: $? = 0
configure:3436: result: yes
configure:3453: checking for gcc option to accept ISO C89
configure:3527: gcc  -c -g -O2  conftest.c >&5
configure:3534: $? = 0
configure:3557: result: none needed
configure:3577: checking dependency style of gcc
configure:3668: result: gcc3
configure:3684: checking for library containing strerror
configure:3725: gcc -o conftest -g -O2   conftest.c  >&5
configure:3732: $? = 0
configure:3763: result: none required
configure:3819: checking for gcc
configure:3846: result: gcc
configure:4078: checking for C compiler version
configure:4086: gcc --version >&5
gcc (Ubuntu 4.3.3-5ubuntu4) 4.3.3
Copyright (C) 2008 Free Software Foundation, Inc.
This is free software; see the source for copying conditions.  There is NO
warranty; not even for MERCHANTABILITY or FITNESS FOR A PARTICULAR PURPOSE.

configure:4090: $? = 0
configure:4097: gcc -v >&5
Using built-in specs.
Target: i486-linux-gnu
Configured with: ../src/configure -v --with-pkgversion='Ubuntu 4.3.3-5ubuntu4' --with-bugurl=file:///usr/share/doc/gcc-4.3/README.Bugs --enable-languages=c,c++,fortran,objc,obj-c++ --prefix=/usr --enable-shared --with-system-zlib --libexecdir=/usr/lib --without-included-gettext --enable-threads=posix --enable-nls --with-gxx-include-dir=/usr/include/c++/4.3 --program-suffix=-4.3 --enable-clocale=gnu --enable-libstdcxx-debug --enable-objc-gc --enable-mpfr --enable-targets=all --with-tune=generic --enable-checking=release --build=i486-linux-gnu --host=i486-linux-gnu --target=i486-linux-gnu
Thread model: posix
gcc version 4.3.3 (Ubuntu 4.3.3-5ubuntu4) 
configure:4101: $? = 0
configure:4108: gcc -V >&5
gcc: '-V' option must have argument
configure:4112: $? = 1
configure:4115: checking whether we are using the GNU C compiler
configure:4168: result: yes
configure:4177: checking whether gcc accepts -g
configure:4315: result: yes
configure:4332: checking for gcc option to accept ISO C89
configure:4436: result: none needed
configure:4456: checking dependency style of gcc
configure:4547: result: gcc3
configure:4610: checking for gcc
configure:4637: result: gcc
configure:4869: checking for C compiler version
configure:4877: gcc --version >&5
gcc (Ubuntu 4.3.3-5ubuntu4) 4.3.3
Copyright (C) 2008 Free Software Foundation, Inc.
This is free software; see the source for copying conditions.  There is NO
warranty; not even for MERCHANTABILITY or FITNESS FOR A PARTICULAR PURPOSE.

configure:4881: $? = 0
configure:4888: gcc -v >&5
Using built-in specs.
Target: i486-linux-gnu
Configured with: ../src/configure -v --with-pkgversion='Ubuntu 4.3.3-5ubuntu4' --with-bugurl=file:///usr/share/doc/gcc-4.3/README.Bugs --enable-languages=c,c++,fortran,objc,obj-c++ --prefix=/usr --enable-shared --with-system-zlib --libexecdir=/usr/lib --without-included-gettext --enable-threads=posix --enable-nls --with-gxx-include-dir=/usr/include/c++/4.3 --program-suffix=-4.3 --enable-clocale=gnu --enable-libstdcxx-debug --enable-objc-gc --enable-mpfr --enable-targets=all --with-tune=generic --enable-checking=release --build=i486-linux-gnu --host=i486-linux-gnu --target=i486-linux-gnu
Thread model: posix
gcc version 4.3.3 (Ubuntu 4.3.3-5ubuntu4) 
configure:4892: $? = 0
configure:4899: gcc -V >&5
gcc: '-V' option must have argument
configure:4903: $? = 1
configure:4906: checking whether we are using the GNU C compiler
configure:4959: result: yes
configure:4968: checking whether gcc accepts -g
configure:5106: result: yes
configure:5123: checking for gcc option to accept ISO C89
configure:5227: result: none needed
configure:5247: checking dependency style of gcc
configure:5338: result: gcc3
configure:5361: checking how to run the C preprocessor
configure:5401: gcc -E  conftest.c
configure:5408: $? = 0
configure:5439: gcc -E  conftest.c
conftest.c:10:28: error: ac_nonexistent.h: No such file or directory
configure:5446: $? = 1
configure: failed program was:
| /* confdefs.h.  */
| #define PACKAGE_NAME "topk"
| #define PACKAGE_TARNAME "topk"
| #define PACKAGE_VERSION "0.1"
| #define PACKAGE_STRING "topk 0.1"
| #define PACKAGE_BUGREPORT ""
| #define PACKAGE "topk"
| #define VERSION "0.1"
| /* end confdefs.h.  */
| #include <ac_nonexistent.h>
configure:5479: result: gcc -E
configure:5508: gcc -E  conftest.c
configure:5515: $? = 0
configure:5546: gcc -E  conftest.c
conftest.c:10:28: error: ac_nonexistent.h: No such file or directory
configure:5553: $? = 1
configure: failed program was:
| /* confdefs.h.  */
| #define PACKAGE_NAME "topk"
| #define PACKAGE_TARNAME "topk"
| #define PACKAGE_VERSION "0.1"
| #define PACKAGE_STRING "topk 0.1"
| #define PACKAGE_BUGREPORT ""
| #define PACKAGE "topk"
| #define VERSION "0.1"
| /* end confdefs.h.  */
| #include <ac_nonexistent.h>
configure:5593: checking for grep that handles long lines and -e
configure:5653: result: /bin/grep
configure:5658: checking for egrep
configure:5722: result: /bin/grep -E
configure:5727: checking for ANSI C header files
configure:5757: gcc -c -g -O2  conftest.c >&5
configure:5764: $? = 0
configure:5863: gcc -o conftest -g -O2   conftest.c  >&5
configure:5867: $? = 0
configure:5873: ./conftest
configure:5877: $? = 0
configure:5895: result: yes
configure:5930: checking for sys/types.h
configure:5951: gcc -c -g -O2  conftest.c >&5
configure:5958: $? = 0
configure:5975: result: yes
configure:5930: checking for sys/stat.h
configure:5951: gcc -c -g -O2  conftest.c >&5
configure:5958: $? = 0
configure:5975: result: yes
configure:5930: checking for stdlib.h
configure:5951: gcc -c -g -O2  conftest.c >&5
configure:5958: $? = 0
configure:5975: result: yes
configure:5930: checking for string.h
configure:5951: gcc -c -g -O2  conftest.c >&5
configure:5958: $? = 0
configure:5975: result: yes
configure:5930: checking for memory.h
configure:5951: gcc -c -g -O2  conftest.c >&5
configure:5958: $? = 0
configure:5975: result: yes
configure:5930: checking for strings.h
configure:5951: gcc -c -g -O2  conftest.c >&5
configure:5958: $? = 0
configure:5975: result: yes
configure:5930: checking for inttypes.h
configure:5951: gcc -c -g -O2  conftest.c >&5
configure:5958: $? = 0
configure:5975: result: yes
configure:5930: checking for stdint.h
configure:5951: gcc -c -g -O2  conftest.c >&5
configure:5958: $? = 0
configure:5975: result: yes
configure:5930: checking for unistd.h
configure:5951: gcc -c -g -O2  conftest.c >&5
configure:5958: $? = 0
configure:5975: result: yes
configure:6006: checking locale.h usability
configure:6023: gcc -c -g -O2  conftest.c >&5
configure:6030: $? = 0
configure:6044: result: yes
configure:6048: checking locale.h presence
configure:6063: gcc -E  conftest.c
configure:6070: $? = 0
configure:6084: result: yes
configure:6112: checking for locale.h
configure:6121: result: yes
configure:6137: checking for LC_MESSAGES
configure:6163: gcc -o conftest -g -O2   conftest.c  >&5
configure:6170: $? = 0
configure:6190: result: yes
configure:6219: checking libintl.h usability
configure:6236: gcc -c -g -O2  conftest.c >&5
configure:6243: $? = 0
configure:6257: result: yes
configure:6261: checking libintl.h presence
configure:6276: gcc -E  conftest.c
configure:6283: $? = 0
configure:6297: result: yes
configure:6325: checking for libintl.h
configure:6332: result: yes
configure:6343: checking for ngettext in libc
configure:6371: gcc -o conftest -g -O2   conftest.c  >&5
configure:6378: $? = 0
configure:6399: result: yes
configure:6403: checking for dgettext in libc
configure:6431: gcc -o conftest -g -O2   conftest.c  >&5
configure:6438: $? = 0
configure:6459: result: yes
configure:6468: checking for bind_textdomain_codeset
configure:6524: gcc -o conftest -g -O2   conftest.c  >&5
configure:6531: $? = 0
configure:6553: result: yes
configure:7069: checking for msgfmt
configure:7096: result: /usr/bin/msgfmt
configure:7109: checking for dcgettext
configure:7165: gcc -o conftest -g -O2   conftest.c   >&5
conftest.c:48: warning: conflicting types for built-in function 'dcgettext'
configure:7172: $? = 0
configure:7194: result: yes
configure:7207: checking if msgfmt accepts -c
configure:7222: $MSGFMT -c -o /dev/null conftest.foo
configure:7225: $? = 0
configure:7227: result: yes
configure:7237: checking for gmsgfmt
configure:7268: result: /usr/bin/msgfmt
configure:7278: checking for xgettext
configure:7305: result: /usr/bin/xgettext
configure:7334: gcc -o conftest -g -O2   conftest.c   >&5
configure:7341: $? = 0
configure:7575: checking whether NLS is requested
configure:7584: result: yes
configure:7601: checking for intltool >= 0.35.0
configure:7608: result: 0.40.6 found
configure:7618: checking for intltool-update
configure:7636: found /usr/bin/intltool-update
configure:7648: result: /usr/bin/intltool-update
configure:7658: checking for intltool-merge
configure:7676: found /usr/bin/intltool-merge
configure:7688: result: /usr/bin/intltool-merge
configure:7698: checking for intltool-extract
configure:7716: found /usr/bin/intltool-extract
configure:7728: result: /usr/bin/intltool-extract
configure:7861: checking for xgettext
configure:7891: result: /usr/bin/xgettext
configure:7901: checking for msgmerge
configure:7919: found /usr/bin/msgmerge
configure:7931: result: /usr/bin/msgmerge
configure:7941: checking for msgfmt
configure:7971: result: /usr/bin/msgfmt
configure:7981: checking for gmsgfmt
configure:8012: result: /usr/bin/msgfmt
configure:8036: checking for perl
configure:8054: found /usr/bin/perl
configure:8066: result: /usr/bin/perl
configure:8079: checking for perl >= 5.8.1
configure:8088: result: 5.10.0
configure:8092: checking for XML::Parser
configure:8095: result: ok
configure:8295: checking build system type
configure:8313: result: i686-pc-linux-gnu
configure:8335: checking host system type
configure:8350: result: i686-pc-linux-gnu
configure:8372: checking for a sed that does not truncate output
configure:8438: result: /bin/sed
configure:8456: checking for fgrep
configure:8520: result: /bin/grep -F
configure:8555: checking for ld used by gcc
configure:8622: result: /usr/bin/ld
configure:8631: checking if the linker (/usr/bin/ld) is GNU ld
configure:8646: result: yes
configure:8658: checking for BSD- or MS-compatible name lister (nm)
configure:8707: result: /usr/bin/nm -B
configure:8825: checking the name lister (/usr/bin/nm -B) interface
configure:8832: gcc -c -g -O2  conftest.c >&5
configure:8835: /usr/bin/nm -B "conftest.o"
configure:8838: output
00000000 B some_variable
configure:8845: result: BSD nm
configure:8848: checking whether ln -s works
configure:8852: result: yes
configure:8860: checking the maximum length of command line arguments
configure:8980: result: 1572864
configure:8997: checking whether the shell understands some XSI constructs
configure:9007: result: yes
configure:9011: checking whether the shell understands "+="
configure:9017: result: yes
configure:9052: checking for /usr/bin/ld option to reload object files
configure:9059: result: -r
configure:9128: checking for objdump
configure:9144: found /usr/bin/objdump
configure:9155: result: objdump
configure:9187: checking how to recognize dependent libraries
configure:9383: result: pass_all
configure:9443: checking for ar
configure:9459: found /usr/bin/ar
configure:9470: result: ar
configure:9548: checking for strip
configure:9564: found /usr/bin/strip
configure:9575: result: strip
configure:9647: checking for ranlib
configure:9663: found /usr/bin/ranlib
configure:9674: result: ranlib
configure:9764: checking command to parse /usr/bin/nm -B output from gcc object
configure:9882: gcc -c -g -O2  conftest.c >&5
configure:9885: $? = 0
configure:9889: /usr/bin/nm -B conftest.o \| sed -n -e 's/^.*[	 ]\([ABCDGIRSTW][ABCDGIRSTW]*\)[	 ][	 ]*\([_A-Za-z][_A-Za-z0-9]*\)$/\1 \2 \2/p' \> conftest.nm
configure:9892: $? = 0
configure:9946: gcc -o conftest -g -O2   conftest.c conftstm.o >&5
configure:9949: $? = 0
configure:9987: result: ok
configure:10852: checking for dlfcn.h
configure:10873: gcc -c -g -O2  conftest.c >&5
configure:10880: $? = 0
configure:10897: result: yes
configure:11083: checking for objdir
configure:11098: result: .libs
configure:11390: checking if gcc supports -fno-rtti -fno-exceptions
configure:11408: gcc -c -g -O2  -fno-rtti -fno-exceptions conftest.c >&5
cc1: warning: command line option "-fno-rtti" is valid for C++/ObjC++ but not for C
configure:11412: $? = 0
configure:11425: result: no
configure:11445: checking for gcc option to produce PIC
configure:11717: result: -fPIC -DPIC
configure:11729: checking if gcc PIC flag -fPIC -DPIC works
configure:11747: gcc -c -g -O2  -fPIC -DPIC -DPIC conftest.c >&5
configure:11751: $? = 0
configure:11764: result: yes
configure:11788: checking if gcc static flag -static works
configure:11816: result: yes
configure:11831: checking if gcc supports -c -o file.o
configure:11852: gcc -c -g -O2  -o out/conftest2.o conftest.c >&5
configure:11856: $? = 0
configure:11878: result: yes
configure:11886: checking if gcc supports -c -o file.o
configure:11933: result: yes
configure:11966: checking whether the gcc linker (/usr/bin/ld) supports shared libraries
configure:13041: result: yes
configure:13078: checking whether -lc should be explicitly linked in
configure:13083: gcc -c -g -O2  conftest.c >&5
configure:13086: $? = 0
configure:13101: gcc -shared conftest.o  -v -Wl,-soname -Wl,conftest -o conftest 2\>\&1 \| /bin/grep  -lc  \>/dev/null 2\>\&1
configure:13104: $? = 0
configure:13116: result: no
configure:13280: checking dynamic linker characteristics
configure:13723: gcc -o conftest -g -O2   -Wl,-rpath -Wl,/foo conftest.c  >&5
configure:13730: $? = 0
configure:13975: result: GNU/Linux ld.so
configure:14077: checking how to hardcode library paths into programs
configure:14102: result: immediate
configure:14935: checking whether stripping libraries is possible
configure:14940: result: yes
configure:14975: checking if libtool supports shared libraries
configure:14977: result: yes
configure:14980: checking whether to build shared libraries
configure:15001: result: yes
configure:15004: checking whether to build static libraries
configure:15008: result: yes
configure:15192: creating ./config.status

## ---------------------- ##
## Running config.status. ##
## ---------------------- ##

This file was extended by topk config.status 0.1, which was
generated by GNU Autoconf 2.63.  Invocation command line was

  CONFIG_FILES    = 
  CONFIG_HEADERS  = 
  CONFIG_LINKS    = 
  CONFIG_COMMANDS = 
  $ ./config.status 

on ONEWay

config.status:1055: creating Makefile
config.status:1055: creating src/Makefile
config.status:1055: creating po/Makefile.in
config.status:1055: creating config.h
config.status:1329: executing depfiles commands
config.status:1329: executing default-1 commands
config.status:1329: executing libtool commands
config.status:1329: executing po/stamp-it commands

## ---------------- ##
## Cache variables. ##
## ---------------- ##

ac_cv_build=i686-pc-linux-gnu
ac_cv_c_compiler_gnu=yes
ac_cv_env_CC_set=
ac_cv_env_CC_value=
ac_cv_env_CFLAGS_set=
ac_cv_env_CFLAGS_value=
ac_cv_env_CPPFLAGS_set=
ac_cv_env_CPPFLAGS_value=
ac_cv_env_CPP_set=
ac_cv_env_CPP_value=
ac_cv_env_LDFLAGS_set=
ac_cv_env_LDFLAGS_value=
ac_cv_env_LIBS_set=
ac_cv_env_LIBS_value=
ac_cv_env_build_alias_set=
ac_cv_env_build_alias_value=
ac_cv_env_host_alias_set=
ac_cv_env_host_alias_value=
ac_cv_env_target_alias_set=
ac_cv_env_target_alias_value=
ac_cv_func_bind_textdomain_codeset=yes
ac_cv_func_dcgettext=yes
ac_cv_header_dlfcn_h=yes
ac_cv_header_inttypes_h=yes
ac_cv_header_libintl_h=yes
ac_cv_header_locale_h=yes
ac_cv_header_memory_h=yes
ac_cv_header_stdc=yes
ac_cv_header_stdint_h=yes
ac_cv_header_stdlib_h=yes
ac_cv_header_string_h=yes
ac_cv_header_strings_h=yes
ac_cv_header_sys_stat_h=yes
ac_cv_header_sys_types_h=yes
ac_cv_header_unistd_h=yes
ac_cv_host=i686-pc-linux-gnu
ac_cv_objext=o
ac_cv_path_EGREP='/bin/grep -E'
ac_cv_path_FGREP='/bin/grep -F'
ac_cv_path_GMSGFMT=/usr/bin/msgfmt
ac_cv_path_GREP=/bin/grep
ac_cv_path_INTLTOOL_EXTRACT=/usr/bin/intltool-extract
ac_cv_path_INTLTOOL_MERGE=/usr/bin/intltool-merge
ac_cv_path_INTLTOOL_PERL=/usr/bin/perl
ac_cv_path_INTLTOOL_UPDATE=/usr/bin/intltool-update
ac_cv_path_MSGFMT=/usr/bin/msgfmt
ac_cv_path_MSGMERGE=/usr/bin/msgmerge
ac_cv_path_SED=/bin/sed
ac_cv_path_XGETTEXT=/usr/bin/xgettext
ac_cv_path_install='/usr/bin/install -c'
ac_cv_path_mkdir=/bin/mkdir
ac_cv_prog_AWK=gawk
ac_cv_prog_CPP='gcc -E'
ac_cv_prog_ac_ct_AR=ar
ac_cv_prog_ac_ct_CC=gcc
ac_cv_prog_ac_ct_OBJDUMP=objdump
ac_cv_prog_ac_ct_RANLIB=ranlib
ac_cv_prog_ac_ct_STRIP=strip
ac_cv_prog_cc_c89=
ac_cv_prog_cc_g=yes
ac_cv_prog_make_make_set=yes
ac_cv_search_strerror='none required'
am_cv_CC_dependencies_compiler_type=gcc3
am_cv_prog_cc_stdc=
am_cv_val_LC_MESSAGES=yes
gt_cv_func_dgettext_libc=yes
gt_cv_func_dgettext_libintl=no
gt_cv_func_ngettext_libc=yes
gt_cv_have_gettext=yes
lt_cv_deplibs_check_method=pass_all
lt_cv_file_magic_cmd='$MAGIC_CMD'
lt_cv_file_magic_test_file=
lt_cv_ld_reload_flag=-r
lt_cv_nm_interface='BSD nm'
lt_cv_objdir=.libs
lt_cv_path_LD=/usr/bin/ld
lt_cv_path_NM='/usr/bin/nm -B'
lt_cv_prog_compiler_c_o=yes
lt_cv_prog_compiler_pic_works=yes
lt_cv_prog_compiler_rtti_exceptions=no
lt_cv_prog_compiler_static_works=yes
lt_cv_prog_gnu_ld=yes
lt_cv_sys_global_symbol_pipe='sed -n -e '\''s/^.*[	 ]\([ABCDGIRSTW][ABCDGIRSTW]*\)[	 ][	 ]*\([_A-Za-z][_A-Za-z0-9]*\)$/\1 \2 \2/p'\'''
lt_cv_sys_global_symbol_to_c_name_address='sed -n -e '\''s/^: \([^ ]*\) $/  {\"\1\", (void *) 0},/p'\'' -e '\''s/^[ABCDGIRSTW]* \([^ ]*\) \([^ ]*\)$/  {"\2", (void *) \&\2},/p'\'''
lt_cv_sys_global_symbol_to_c_name_address_lib_prefix='sed -n -e '\''s/^: \([^ ]*\) $/  {\"\1\", (void *) 0},/p'\'' -e '\''s/^[ABCDGIRSTW]* \([^ ]*\) \(lib[^ ]*\)$/  {"\2", (void *) \&\2},/p'\'' -e '\''s/^[ABCDGIRSTW]* \([^ ]*\) \([^ ]*\)$/  {"lib\2", (void *) \&\2},/p'\'''
lt_cv_sys_global_symbol_to_cdecl='sed -n -e '\''s/^T .* \(.*\)$/extern int \1();/p'\'' -e '\''s/^[ABCDGIRSTW]* .* \(.*\)$/extern char \1;/p'\'''
lt_cv_sys_max_cmd_len=1572864

## ----------------- ##
## Output variables. ##
## ----------------- ##

ACLOCAL='${SHELL} /home/weiwang/Desktop/topk/anjuta_topk/missing --run aclocal-1.10'
ALL_LINGUAS=''
AMDEPBACKSLASH='\'
AMDEP_FALSE='#'
AMDEP_TRUE=''
AMTAR='${SHELL} /home/weiwang/Desktop/topk/anjuta_topk/missing --run tar'
AR='ar'
AUTOCONF='${SHELL} /home/weiwang/Desktop/topk/anjuta_topk/missing --run autoconf'
AUTOHEADER='${SHELL} /home/weiwang/Desktop/topk/anjuta_topk/missing --run autoheader'
AUTOMAKE='${SHELL} /home/weiwang/Desktop/topk/anjuta_topk/missing --run automake-1.10'
AWK='gawk'
CATALOGS=''
CATOBJEXT='.gmo'
CC='gcc'
CCDEPMODE='depmode=gcc3'
CFLAGS='-g -O2'
CPP='gcc -E'
CPPFLAGS=''
CYGPATH_W='echo'
DATADIRNAME='share'
DEFS='-DHAVE_CONFIG_H'
DEPDIR='.deps'
DSYMUTIL=''
DUMPBIN=''
ECHO_C=''
ECHO_N='-n'
ECHO_T=''
EGREP='/bin/grep -E'
EXEEXT=''
FGREP='/bin/grep -F'
GETTEXT_PACKAGE='topk'
GMOFILES=''
GMSGFMT='/usr/bin/msgfmt'
GREP='/bin/grep'
INSTALL_DATA='${INSTALL} -m 644'
INSTALL_PROGRAM='${INSTALL}'
INSTALL_SCRIPT='${INSTALL}'
INSTALL_STRIP_PROGRAM='$(install_sh) -c -s'
INSTOBJEXT='.mo'
INTLLIBS=''
INTLTOOL_CAVES_RULE='%.caves:     %.caves.in     $(INTLTOOL_MERGE) $(wildcard $(top_srcdir)/po/*.po) ; LC_ALL=C $(INTLTOOL_MERGE) -d -u -c $(top_builddir)/po/.intltool-merge-cache $(top_srcdir)/po $< $@'
INTLTOOL_DESKTOP_RULE='%.desktop:   %.desktop.in   $(INTLTOOL_MERGE) $(wildcard $(top_srcdir)/po/*.po) ; LC_ALL=C $(INTLTOOL_MERGE) -d -u -c $(top_builddir)/po/.intltool-merge-cache $(top_srcdir)/po $< $@'
INTLTOOL_DIRECTORY_RULE='%.directory: %.directory.in $(INTLTOOL_MERGE) $(wildcard $(top_srcdir)/po/*.po) ; LC_ALL=C $(INTLTOOL_MERGE) -d -u -c $(top_builddir)/po/.intltool-merge-cache $(top_srcdir)/po $< $@'
INTLTOOL_EXTRACT='/usr/bin/intltool-extract'
INTLTOOL_KBD_RULE='%.kbd:       %.kbd.in       $(INTLTOOL_MERGE) $(wildcard $(top_srcdir)/po/*.po) ; LC_ALL=C $(INTLTOOL_MERGE) -x -u -m -c $(top_builddir)/po/.intltool-merge-cache $(top_srcdir)/po $< $@'
INTLTOOL_KEYS_RULE='%.keys:      %.keys.in      $(INTLTOOL_MERGE) $(wildcard $(top_srcdir)/po/*.po) ; LC_ALL=C $(INTLTOOL_MERGE) -k -u -c $(top_builddir)/po/.intltool-merge-cache $(top_srcdir)/po $< $@'
INTLTOOL_MERGE='/usr/bin/intltool-merge'
INTLTOOL_OAF_RULE='%.oaf:       %.oaf.in       $(INTLTOOL_MERGE) $(wildcard $(top_srcdir)/po/*.po) ; LC_ALL=C $(INTLTOOL_MERGE) -o -p $(top_srcdir)/po $< $@'
INTLTOOL_PERL='/usr/bin/perl'
INTLTOOL_POLICY_RULE='%.policy:    %.policy.in    $(INTLTOOL_MERGE) $(wildcard $(top_srcdir)/po/*.po) ; LC_ALL=C $(INTLTOOL_MERGE) -x -u -c $(top_builddir)/po/.intltool-merge-cache $(top_srcdir)/po $< $@'
INTLTOOL_PONG_RULE='%.pong:      %.pong.in      $(INTLTOOL_MERGE) $(wildcard $(top_srcdir)/po/*.po) ; LC_ALL=C $(INTLTOOL_MERGE) -x -u -c $(top_builddir)/po/.intltool-merge-cache $(top_srcdir)/po $< $@'
INTLTOOL_PROP_RULE='%.prop:      %.prop.in      $(INTLTOOL_MERGE) $(wildcard $(top_srcdir)/po/*.po) ; LC_ALL=C $(INTLTOOL_MERGE) -d -u -c $(top_builddir)/po/.intltool-merge-cache $(top_srcdir)/po $< $@'
INTLTOOL_SCHEMAS_RULE='%.schemas:   %.schemas.in   $(INTLTOOL_MERGE) $(wildcard $(top_srcdir)/po/*.po) ; LC_ALL=C $(INTLTOOL_MERGE) -s -u -c $(top_builddir)/po/.intltool-merge-cache $(top_srcdir)/po $< $@'
INTLTOOL_SERVER_RULE='%.server:    %.server.in    $(INTLTOOL_MERGE) $(wildcard $(top_srcdir)/po/*.po) ; LC_ALL=C $(INTLTOOL_MERGE) -o -u -c $(top_builddir)/po/.intltool-merge-cache $(top_srcdir)/po $< $@'
INTLTOOL_SERVICE_RULE='%.service: %.service.in   $(INTLTOOL_MERGE) $(wildcard $(top_srcdir)/po/*.po) ; LC_ALL=C $(INTLTOOL_MERGE) -d -u -c $(top_builddir)/po/.intltool-merge-cache $(top_srcdir)/po $< $@'
INTLTOOL_SHEET_RULE='%.sheet:     %.sheet.in     $(INTLTOOL_MERGE) $(wildcard $(top_srcdir)/po/*.po) ; LC_ALL=C $(INTLTOOL_MERGE) -x -u -c $(top_builddir)/po/.intltool-merge-cache $(top_srcdir)/po $< $@'
INTLTOOL_SOUNDLIST_RULE='%.soundlist: %.soundlist.in $(INTLTOOL_MERGE) $(wildcard $(top_srcdir)/po/*.po) ; LC_ALL=C $(INTLTOOL_MERGE) -d -u -c $(top_builddir)/po/.intltool-merge-cache $(top_srcdir)/po $< $@'
INTLTOOL_THEME_RULE='%.theme:     %.theme.in     $(INTLTOOL_MERGE) $(wildcard $(top_srcdir)/po/*.po) ; LC_ALL=C $(INTLTOOL_MERGE) -d -u -c $(top_builddir)/po/.intltool-merge-cache $(top_srcdir)/po $< $@'
INTLTOOL_UI_RULE='%.ui:        %.ui.in        $(INTLTOOL_MERGE) $(wildcard $(top_srcdir)/po/*.po) ; LC_ALL=C $(INTLTOOL_MERGE) -x -u -c $(top_builddir)/po/.intltool-merge-cache $(top_srcdir)/po $< $@'
INTLTOOL_UPDATE='/usr/bin/intltool-update'
INTLTOOL_XAM_RULE='%.xam:       %.xml.in       $(INTLTOOL_MERGE) $(wildcard $(top_srcdir)/po/*.po) ; LC_ALL=C $(INTLTOOL_MERGE) -x -u -c $(top_builddir)/po/.intltool-merge-cache $(top_srcdir)/po $< $@'
INTLTOOL_XML_NOMERGE_RULE='%.xml:       %.xml.in       $(INTLTOOL_MERGE) ; LC_ALL=C $(INTLTOOL_MERGE) -x -u /tmp $< $@'
INTLTOOL_XML_RULE='%.xml:       %.xml.in       $(INTLTOOL_MERGE) $(wildcard $(top_srcdir)/po/*.po) ; LC_ALL=C $(INTLTOOL_MERGE) -x -u -c $(top_builddir)/po/.intltool-merge-cache $(top_srcdir)/po $< $@'
LD='/usr/bin/ld'
LDFLAGS=''
LIBOBJS=''
LIBS=''
LIBTOOL='$(SHELL) $(top_builddir)/libtool'
LIPO=''
LN_S='ln -s'
LTLIBOBJS=''
MAINT=''
MAINTAINER_MODE_FALSE='#'
MAINTAINER_MODE_TRUE=''
MAKEINFO='${SHELL} /home/weiwang/Desktop/topk/anjuta_topk/missing --run makeinfo'
MKDIR_P='/bin/mkdir -p'
MKINSTALLDIRS='./mkinstalldirs'
MSGFMT='/usr/bin/msgfmt'
MSGFMT_OPTS='-c'
MSGMERGE='/usr/bin/msgmerge'
NM='/usr/bin/nm -B'
NMEDIT=''
OBJDUMP='objdump'
OBJEXT='o'
OTOOL64=''
OTOOL=''
PACKAGE='topk'
PACKAGE_BUGREPORT=''
PACKAGE_NAME='topk'
PACKAGE_STRING='topk 0.1'
PACKAGE_TARNAME='topk'
PACKAGE_VERSION='0.1'
PATH_SEPARATOR=':'
POFILES=''
POSUB='po'
PO_IN_DATADIR_FALSE=''
PO_IN_DATADIR_TRUE=''
RANLIB='ranlib'
SED='/bin/sed'
SET_MAKE=''
SHELL='/bin/bash'
STRIP='strip'
USE_NLS='yes'
VERSION='0.1'
XGETTEXT='/usr/bin/xgettext'
ac_ct_CC='gcc'
ac_ct_DUMPBIN=''
am__fastdepCC_FALSE='#'
am__fastdepCC_TRUE=''
am__include='include'
am__isrc=''
am__leading_dot='.'
am__quote=''
am__tar='${AMTAR} chof - "$$tardir"'
am__untar='${AMTAR} xf -'
bindir='${exec_prefix}/bin'
build='i686-pc-linux-gnu'
build_alias=''
build_cpu='i686'
build_os='linux-gnu'
build_vendor='pc'
datadir='${datarootdir}'
datarootdir='${prefix}/share'
docdir='${datarootdir}/doc/${PACKAGE_TARNAME}'
dvidir='${docdir}'
exec_prefix='${prefix}'
host='i686-pc-linux-gnu'
host_alias=''
host_cpu='i686'
host_os='linux-gnu'
host_vendor='pc'
htmldir='${docdir}'
includedir='${prefix}/include'
infodir='${datarootdir}/info'
install_sh='$(SHELL) /home/weiwang/Desktop/topk/anjuta_topk/install-sh'
libdir='${exec_prefix}/lib'
libexecdir='${exec_prefix}/libexec'
localedir='${datarootdir}/locale'
localstatedir='${prefix}/var'
lt_ECHO='echo'
mandir='${datarootdir}/man'
mkdir_p='/bin/mkdir -p'
oldincludedir='/usr/include'
pdfdir='${docdir}'
prefix='/usr/local'
program_transform_name='s,x,x,'
psdir='${docdir}'
sbindir='${exec_prefix}/sbin'
sharedstatedir='${prefix}/com'
sysconfdir='${prefix}/etc'
target_alias=''

## ----------- ##
## confdefs.h. ##
## ----------- ##

#define PACKAGE_NAME "topk"
#define PACKAGE_TARNAME "topk"
#define PACKAGE_VERSION "0.1"
#define PACKAGE_STRING "topk 0.1"
#define PACKAGE_BUGREPORT ""
#define PACKAGE "topk"
#define VERSION "0.1"
#define STDC_HEADERS 1
#define GETTEXT_PACKAGE "topk"
#define HAVE_SYS_TYPES_H 1
#define HAVE_SYS_STAT_H 1
#define HAVE_STDLIB_H 1
#define HAVE_STRING_H 1
#define HAVE_MEMORY_H 1
#define HAVE_STRINGS_H 1
#define HAVE_INTTYPES_H 1
#define HAVE_STDINT_H 1
#define HAVE_UNISTD_H 1
#define HAVE_LOCALE_H 1
#define HAVE_LC_MESSAGES 1
#define HAVE_BIND_TEXTDOMAIN_CODESET 1
#define HAVE_GETTEXT 1
#define HAVE_DCGETTEXT 1
#define ENABLE_NLS 1
#define HAVE_DLFCN_H 1
#define LT_OBJDIR ".libs/"

configure: exit 0
